Using pre-set license
Built from '2020.2/staging' branch; Version is '2020.2.3f1 (8ff31bc5bf5b) revision 9433883'; Using compiler version '192528614'; Build Type 'Release'
OS: 'Windows 10 Home; OS build 19042.867; Version 2009; 64bit' Language: 'nl' Physical Memory: 8077 MB
BatchMode: 1, IsHumanControllingUs: 0, StartBugReporterOnCrash: 0, Is64bit: 1, IsPro: 0

 COMMAND LINE ARGUMENTS:
D:\Program Files\Unity\2020.2.3f1\Editor\Unity.exe
-adb2
-batchMode
-noUpm
-name
AssetImportWorker2
-projectPath
D:/Game Artist/Jaar 4/Periode 15/Keuzedeel/Opdracht 2/VideoGameMuseum/GameMuseum
-logFile
Logs/AssetImportWorker2.log
-srvPort
56858
Successfully changed project path to: D:/Game Artist/Jaar 4/Periode 15/Keuzedeel/Opdracht 2/VideoGameMuseum/GameMuseum
D:/Game Artist/Jaar 4/Periode 15/Keuzedeel/Opdracht 2/VideoGameMuseum/GameMuseum
Using Asset Import Pipeline V2.
Refreshing native plugins compatible for Editor in 135.46 ms, found 3 plugins.
Preloading 0 native plugins for Editor in 0.00 ms.
Initialize engine version: 2020.2.3f1 (8ff31bc5bf5b)
[Subsystems] Discovering subsystems at path D:/Program Files/Unity/2020.2.3f1/Editor/Data/Resources/UnitySubsystems
[Subsystems] Discovering subsystems at path D:/Game Artist/Jaar 4/Periode 15/Keuzedeel/Opdracht 2/VideoGameMuseum/GameMuseum/Assets
GfxDevice: creating device client; threaded=0
Direct3D:
    Version:  Direct3D 11.0 [level 11.1]
    Renderer: NVIDIA GeForce GTX 1050 (ID=0x1c8d)
    Vendor:   
    VRAM:     1977 MB
    Driver:   27.21.14.6140
Shader 'Universal Render Pipeline/Particles/Lit': fallback shader 'Universal Render Pipeline/Particles/SimpleLit' not found
Initialize mono
Mono path[0] = 'D:/Program Files/Unity/2020.2.3f1/Editor/Data/Managed'
Mono path[1] = 'D:/Program Files/Unity/2020.2.3f1/Editor/Data/MonoBleedingEdge/lib/mono/unityjit'
Mono config path = 'D:/Program Files/Unity/2020.2.3f1/Editor/Data/MonoBleedingEdge/etc'
Using monoOptions --debugger-agent=transport=dt_socket,embedding=1,server=y,suspend=n,address=127.0.0.1:56676
Begin MonoManager ReloadAssembly
Registering precompiled unity dll's ...
Register platform support module: D:/Program Files/Unity/2020.2.3f1/Editor/Data/PlaybackEngines/WindowsStandaloneSupport/UnityEditor.WindowsStandalone.Extensions.dll
Registered in 0.001573 seconds.
Native extension for WindowsStandalone target not found
Refreshing native plugins compatible for Editor in 95.42 ms, found 3 plugins.
Preloading 0 native plugins for Editor in 0.00 ms.
Invoked RoslynAnalysisRunner static constructor.
RoslynAnalysisRunner will not be running.
RoslynAnalysisRunner has terminated.
Mono: successfully reloaded assembly
- Completed reload, in  5.706 seconds
Platform modules already initialized, skipping
Registering precompiled user dll's ...
Registered in 0.007509 seconds.
Begin MonoManager ReloadAssembly
Native extension for WindowsStandalone target not found
Refreshing native plugins compatible for Editor in 522.13 ms, found 3 plugins.
Preloading 0 native plugins for Editor in 0.00 ms.
Invoked RoslynAnalysisRunner static constructor.
RoslynAnalysisRunner will not be running.
RoslynAnalysisRunner has terminated.
Mono: successfully reloaded assembly
- Completed reload, in  3.158 seconds
Platform modules already initialized, skipping
========================================================================
Worker process is ready to serve import requests
Shader 'Universal Render Pipeline/Particles/Lit': fallback shader 'Universal Render Pipeline/Particles/SimpleLit' not found
Launched and connected shader compiler UnityShaderCompiler.exe after 0.14 seconds
Refreshing native plugins compatible for Editor in 0.81 ms, found 3 plugins.
Preloading 0 native plugins for Editor in 0.00 ms.
Unloading 3642 Unused Serialized files (Serialized files now loaded: 0)
System memory in use before: 180.1 MB.
System memory in use after: 180.3 MB.

Unloading 23 unused Assets to reduce memory usage. Loaded Objects now: 4136.
Total: 24.576700 ms (FindLiveObjects: 0.498800 ms CreateObjectMapping: 0.155800 ms MarkObjects: 23.824400 ms  DeleteObjects: 0.095300 ms)

========================================================================
Received Import Request.
  path: Assets/Game/Models/Props/PS2/PS2_Controller_AlbedoTransparency.png
  artifactKey: Guid(f9699284539fdaf418a696d5c1e08d3c) Importer(815301076,1909f56bfc062723c751e8b465ee728b)
Start importing Assets/Game/Models/Props/PS2/PS2_Controller_AlbedoTransparency.png using Guid(f9699284539fdaf418a696d5c1e08d3c) Importer(815301076,1909f56bfc062723c751e8b465ee728b)  -> (artifact id: '2dcbcab9e32cd90ef8ee88e71e04f9eb') in 0.258086 seconds
  Import took 0.285412 seconds .

========================================================================
Received Import Request.
  Time since last request: 0.011028 seconds.
  path: Assets/Game/Models/Props/PS2/MAT_PS2_Controller.mat
  artifactKey: Guid(5f89e3a62bc1a77458688adf3bf3d790) Importer(815301076,1909f56bfc062723c751e8b465ee728b)
Start importing Assets/Game/Models/Props/PS2/MAT_PS2_Controller.mat using Guid(5f89e3a62bc1a77458688adf3bf3d790) Importer(815301076,1909f56bfc062723c751e8b465ee728b)  -> (artifact id: '5985dfcd847e869d90836e7b103123a0') in 0.596317 seconds
  Import took 0.623440 seconds .

========================================================================
Received Import Request.
  Time since last request: 0.000644 seconds.
  path: Assets/Game/Models/Props/PS2/PS2_Controller_MetallicSmoothness.png
  artifactKey: Guid(e132d78615607494d9eff7a564b93f8d) Importer(815301076,1909f56bfc062723c751e8b465ee728b)
Start importing Assets/Game/Models/Props/PS2/PS2_Controller_MetallicSmoothness.png using Guid(e132d78615607494d9eff7a564b93f8d) Importer(815301076,1909f56bfc062723c751e8b465ee728b)  -> (artifact id: '50f8292229b68c38988ca34e433056b4') in 0.054790 seconds
  Import took 0.071019 seconds .

========================================================================
Received Import Request.
  Time since last request: 0.000373 seconds.
  path: Assets/Game/Models/Props/PS2/PS2_Controller_Normal.png
  artifactKey: Guid(65e2ba671224cd64bb132eead7d9c1b7) Importer(815301076,1909f56bfc062723c751e8b465ee728b)
Start importing Assets/Game/Models/Props/PS2/PS2_Controller_Normal.png using Guid(65e2ba671224cd64bb132eead7d9c1b7) Importer(815301076,1909f56bfc062723c751e8b465ee728b)  -> (artifact id: '6b128fd0b608f2cbf7ed76f826e748fb') in 0.056294 seconds
  Import took 0.077520 seconds .

========================================================================
Received Import Request.
  Time since last request: 0.002589 seconds.
  path: Assets/Game/Models/Props/PS2/PS2_Controller_Emission.png
  artifactKey: Guid(f70ad43c68d79a0479328605c516fc90) Importer(815301076,1909f56bfc062723c751e8b465ee728b)
Start importing Assets/Game/Models/Props/PS2/PS2_Controller_Emission.png using Guid(f70ad43c68d79a0479328605c516fc90) Importer(815301076,1909f56bfc062723c751e8b465ee728b)  -> (artifact id: 'b5b31af6c51eca47ce87d5f616ba630d') in 0.016013 seconds
  Import took 0.025550 seconds .

========================================================================
Received Import Request.
  Time since last request: 6.511440 seconds.
  path: Assets/Game/Models/Props/PS2/PlayStation2_Controller.fbx
  artifactKey: Guid(67571edb9b30a7f4f920c702cfe3d60a) Importer(815301076,1909f56bfc062723c751e8b465ee728b)
Start importing Assets/Game/Models/Props/PS2/PlayStation2_Controller.fbx using Guid(67571edb9b30a7f4f920c702cfe3d60a) Importer(815301076,1909f56bfc062723c751e8b465ee728b)  -> (artifact id: '6b9e9551a406b718c87bbcb240d15913') in 0.263816 seconds
  Import took 0.271427 seconds .

========================================================================
Received Import Request.
  Time since last request: 6.631699 seconds.
  path: Assets/Game/Models/Props/PS2/PlayStation2_Controller.fbx
  artifactKey: Guid(67571edb9b30a7f4f920c702cfe3d60a) Importer(815301076,1909f56bfc062723c751e8b465ee728b)
Start importing Assets/Game/Models/Props/PS2/PlayStation2_Controller.fbx using Guid(67571edb9b30a7f4f920c702cfe3d60a) Importer(815301076,1909f56bfc062723c751e8b465ee728b)  -> (artifact id: 'e989675962a3dea22af25a81d27e90e2') in 0.094590 seconds
  Import took 0.123541 seconds .

========================================================================
Received Import Request.
  Time since last request: 36.347540 seconds.
  path: Assets/Game/Models/Props/PS2/PlayStation2_Controller.fbx
  artifactKey: Guid(67571edb9b30a7f4f920c702cfe3d60a) Importer(815301076,1909f56bfc062723c751e8b465ee728b)
Start importing Assets/Game/Models/Props/PS2/PlayStation2_Controller.fbx using Guid(67571edb9b30a7f4f920c702cfe3d60a) Importer(815301076,1909f56bfc062723c751e8b465ee728b)  -> (artifact id: 'af563e4e3f19aead371a56117670af65') in 0.099782 seconds
  Import took 0.129371 seconds .

========================================================================
Received Import Request.
  Time since last request: 4.733746 seconds.
  path: Assets/Game/Models/Props/PS2/PlayStation2_Controller.fbx
  artifactKey: Guid(67571edb9b30a7f4f920c702cfe3d60a) Importer(815301076,1909f56bfc062723c751e8b465ee728b)
Start importing Assets/Game/Models/Props/PS2/PlayStation2_Controller.fbx using Guid(67571edb9b30a7f4f920c702cfe3d60a) Importer(815301076,1909f56bfc062723c751e8b465ee728b)  -> (artifact id: '1e197dc4723cdd8a8ba11ad73e13a98a') in 0.048255 seconds
  Import took 0.085372 seconds .

========================================================================
Received Import Request.
  Time since last request: 55.595284 seconds.
  path: Assets/Game/Models/Props/PS2/PS2_Console_AlbedoTransparency.png
  artifactKey: Guid(d740068a682962f4bb6ab9577837d24d) Importer(815301076,1909f56bfc062723c751e8b465ee728b)
Start importing Assets/Game/Models/Props/PS2/PS2_Console_AlbedoTransparency.png using Guid(d740068a682962f4bb6ab9577837d24d) Importer(815301076,1909f56bfc062723c751e8b465ee728b)  -> (artifact id: 'b2c5663dbf2c65d8fb6fe1b8805325f5') in 0.047834 seconds
  Import took 0.069917 seconds .

========================================================================
Received Import Request.
  Time since last request: 0.000306 seconds.
  path: Assets/Game/Models/Props/PS2/PS2_Console_Normal.png
  artifactKey: Guid(07866495a5daa0e4cb28ac02e2714ce8) Importer(815301076,1909f56bfc062723c751e8b465ee728b)
Start importing Assets/Game/Models/Props/PS2/PS2_Console_Normal.png using Guid(07866495a5daa0e4cb28ac02e2714ce8) Importer(815301076,1909f56bfc062723c751e8b465ee728b)  -> (artifact id: '2381721c66c750d990c29a914f4713d0') in 0.029102 seconds
  Import took 0.043542 seconds .

========================================================================
Received Import Request.
  Time since last request: 0.000315 seconds.
  path: Assets/Game/Models/Props/PS2/PS2_Console_MetallicSmoothness.png
  artifactKey: Guid(c2cdf1be564a6da4f9d97c0f382e7d8d) Importer(815301076,1909f56bfc062723c751e8b465ee728b)
Start importing Assets/Game/Models/Props/PS2/PS2_Console_MetallicSmoothness.png using Guid(c2cdf1be564a6da4f9d97c0f382e7d8d) Importer(815301076,1909f56bfc062723c751e8b465ee728b)  -> (artifact id: '95df17f405e183530602949b6cd7c424') in 0.049480 seconds
  Import took 0.068724 seconds .

========================================================================
Received Import Request.
  Time since last request: 12.322388 seconds.
  path: Assets/Game/Models/Props/PS2/PS2_Console_Emission.png
  artifactKey: Guid(7cb8beb0d75318846979f5c8c41f440a) Importer(815301076,1909f56bfc062723c751e8b465ee728b)
Start importing Assets/Game/Models/Props/PS2/PS2_Console_Emission.png using Guid(7cb8beb0d75318846979f5c8c41f440a) Importer(815301076,1909f56bfc062723c751e8b465ee728b)  -> (artifact id: '3b039bffab2f1982b4488fb41f051c51') in 0.020126 seconds
  Import took 0.029058 seconds .

========================================================================
Received Import Request.
  Time since last request: 2.952036 seconds.
  path: Assets/Game/Models/Props/PS2/PS2_Console_Emission.png
  artifactKey: Guid(7cb8beb0d75318846979f5c8c41f440a) Importer(815301076,1909f56bfc062723c751e8b465ee728b)
Start importing Assets/Game/Models/Props/PS2/PS2_Console_Emission.png using Guid(7cb8beb0d75318846979f5c8c41f440a) Importer(815301076,1909f56bfc062723c751e8b465ee728b)  -> (artifact id: '19895dc2e3d0004e863bfe0917ab9c5a') in 0.015852 seconds
  Import took 0.040894 seconds .

========================================================================
Received Import Request.
  Time since last request: 6.161244 seconds.
  path: Assets/Game/Models/Props/PS2/PS2_Console_MetallicSmoothness.png
  artifactKey: Guid(c2cdf1be564a6da4f9d97c0f382e7d8d) Importer(815301076,1909f56bfc062723c751e8b465ee728b)
Start importing Assets/Game/Models/Props/PS2/PS2_Console_MetallicSmoothness.png using Guid(c2cdf1be564a6da4f9d97c0f382e7d8d) Importer(815301076,1909f56bfc062723c751e8b465ee728b)  -> (artifact id: '1b21bffc7e0df069c1983f8333c68d85') in 0.040458 seconds
  Import took 0.063865 seconds .

========================================================================
Received Import Request.
  Time since last request: 4.982209 seconds.
  path: Assets/Game/Models/Props/PS2/PS2_Console_Normal.png
  artifactKey: Guid(07866495a5daa0e4cb28ac02e2714ce8) Importer(815301076,1909f56bfc062723c751e8b465ee728b)
Start importing Assets/Game/Models/Props/PS2/PS2_Console_Normal.png using Guid(07866495a5daa0e4cb28ac02e2714ce8) Importer(815301076,1909f56bfc062723c751e8b465ee728b)  -> (artifact id: 'ea77083b86130fe2345c79d1539e7555') in 0.028614 seconds
  Import took 0.050182 seconds .

========================================================================
Received Import Request.
  Time since last request: 54.099944 seconds.
  path: Assets/Game/Prefab/Props/PS2/PlayStation2_Controller.prefab
  artifactKey: Guid(9ffd8c6f24bd09d48a68ddc92adbef6d) Importer(815301076,1909f56bfc062723c751e8b465ee728b)
Start importing Assets/Game/Prefab/Props/PS2/PlayStation2_Controller.prefab using Guid(9ffd8c6f24bd09d48a68ddc92adbef6d) Importer(815301076,1909f56bfc062723c751e8b465ee728b)  -> (artifact id: 'dad3a8006753d58caa5d3a9ea18d580c') in 0.028493 seconds
  Import took 0.039177 seconds .

========================================================================
Received Import Request.
  Time since last request: 0.000362 seconds.
  path: Assets/Game/Prefab/Props/PS2/PlayStation2_Controller.prefab
  artifactKey: Guid(9ffd8c6f24bd09d48a68ddc92adbef6d) Importer(815301076,1909f56bfc062723c751e8b465ee728b)
Start importing Assets/Game/Prefab/Props/PS2/PlayStation2_Controller.prefab using Guid(9ffd8c6f24bd09d48a68ddc92adbef6d) Importer(815301076,1909f56bfc062723c751e8b465ee728b)  -> (artifact id: 'dad3a8006753d58caa5d3a9ea18d580c') in 0.016728 seconds
  Import took 0.027143 seconds .

AssetImportWorkerClient::OnTransportError - code=2 error=End of file
